  [1m[35m (2.1ms)[0m  [1m[34mSELECT sqlite_version(*)[0m
  [1m[35m (2.2ms)[0m  [1m[35mCREATE TABLE "schema_migrations" ("version" varchar NOT NULL PRIMARY KEY)[0m
  [1m[35m (2.2ms)[0m  [1m[35mCREATE TABLE "ar_internal_metadata" ("key" varchar NOT NULL PRIMARY KEY, "value" varchar, "created_at" datetime(6) NOT NULL, "updated_at" datetime(6) NOT NULL)[0m
  [1m[35m (0.2ms)[0m  [1m[34mSELECT "schema_migrations"."version" FROM "schema_migrations" ORDER BY "schema_migrations"."version" ASC[0m
Migrating to CreateTodos (20210330163224)
  [1m[36mTRANSACTION (0.1ms)[0m  [1m[36mbegin transaction[0m
  [1m[35m (0.5ms)[0m  [1m[35mCREATE TABLE "todos" ("id" integer PRIMARY KEY AUTOINCREMENT NOT NULL, "title" varchar, "complete" boolean, "created_at" datetime(6) NOT NULL, "updated_at" datetime(6) NOT NULL)[0m
  [1m[36mActiveRecord::SchemaMigration Create (0.2ms)[0m  [1m[32mINSERT INTO "schema_migrations" ("version") VALUES (?)[0m  [["version", "20210330163224"]]
  [1m[36mTRANSACTION (1.7ms)[0m  [1m[36mcommit transaction[0m
  [1m[36mActiveRecord::InternalMetadata Load (0.3ms)[0m  [1m[34mSELECT "ar_internal_metadata".* FROM "ar_internal_metadata" WHERE "ar_internal_metadata"."key" = ? LIMIT ?[0m  [["key", "environment"], ["LIMIT", 1]]
  [1m[36mTRANSACTION (0.1ms)[0m  [1m[36mbegin transaction[0m
  [1m[36mActiveRecord::InternalMetadata Create (0.4ms)[0m  [1m[32mINSERT INTO "ar_internal_metadata" ("key", "value", "created_at", "updated_at") VALUES (?, ?, ?, ?)[0m  [["key", "environment"], ["value", "development"], ["created_at", "2021-03-30 16:32:41.242888"], ["updated_at", "2021-03-30 16:32:41.242888"]]
  [1m[36mTRANSACTION (1.7ms)[0m  [1m[36mcommit transaction[0m
  [1m[35m (0.1ms)[0m  [1m[34mSELECT sqlite_version(*)[0m
  [1m[35m (0.1ms)[0m  [1m[34mSELECT "schema_migrations"."version" FROM "schema_migrations" ORDER BY "schema_migrations"."version" ASC[0m
  [1m[35m (0.5ms)[0m  [1m[34mSELECT sqlite_version(*)[0m
  [1m[36mTRANSACTION (0.1ms)[0m  [1m[36mbegin transaction[0m
  [1m[36mTodo Create (0.7ms)[0m  [1m[32mINSERT INTO "todos" ("title", "complete", "created_at", "updated_at") VALUES (?, ?, ?, ?)[0m  [["title", "Create an API"], ["complete", 0], ["created_at", "2021-03-30 16:33:04.967660"], ["updated_at", "2021-03-30 16:33:04.967660"]]
  [1m[36mTRANSACTION (6.2ms)[0m  [1m[36mcommit transaction[0m
Started GET "/users" for ::1 at 2021-03-30 13:34:44 -0300
  [1m[35m (0.6ms)[0m  [1m[34mSELECT sqlite_version(*)[0m
  [1m[35m (0.2ms)[0m  [1m[34mSELECT "schema_migrations"."version" FROM "schema_migrations" ORDER BY "schema_migrations"."version" ASC[0m
  
ActionController::RoutingError (No route matches [GET] "/users"):
  
Started GET "/" for ::1 at 2021-03-30 13:34:45 -0300
Processing by Rails::WelcomeController#index as HTML
  Rendering /Users/BiancaChu/.rvm/gems/ruby-3.0.0/gems/railties-6.1.3.1/lib/rails/templates/rails/welcome/index.html.erb
  Rendered /Users/BiancaChu/.rvm/gems/ruby-3.0.0/gems/railties-6.1.3.1/lib/rails/templates/rails/welcome/index.html.erb (Duration: 26.3ms | Allocations: 187)
Completed 200 OK in 56ms (Views: 28.0ms | ActiveRecord: 0.0ms | Allocations: 2333)


Started GET "/favicon.ico" for ::1 at 2021-03-30 13:34:45 -0300
  
ActionController::RoutingError (No route matches [GET] "/favicon.ico"):
  
Started GET "/todos" for ::1 at 2021-03-30 13:34:54 -0300
Processing by TodosController#index as HTML
  [1m[36mTodo Load (0.3ms)[0m  [1m[34mSELECT "todos".* FROM "todos"[0m
  ↳ app/controllers/todos_controller.rb:8:in `index'
Completed 200 OK in 18ms (Views: 12.3ms | ActiveRecord: 2.1ms | Allocations: 4606)


Started GET "/todos" for ::1 at 2021-03-30 13:36:08 -0300
Processing by TodosController#index as HTML
  [1m[36mTodo Load (0.3ms)[0m  [1m[34mSELECT "todos".* FROM "todos"[0m
  ↳ app/controllers/todos_controller.rb:8:in `index'
Completed 200 OK in 3ms (Views: 2.4ms | ActiveRecord: 0.3ms | Allocations: 745)


Started GET "/todos/1" for ::1 at 2021-03-30 13:36:36 -0300
Processing by TodosController#show as HTML
  Parameters: {"id"=>"1"}
  [1m[36mTodo Load (0.5ms)[0m  [1m[34mSELECT "todos".* FROM "todos" WHERE "todos"."id" = ? LIMIT ?[0m  [["id", 1], ["LIMIT", 1]]
  ↳ app/controllers/todos_controller.rb:44:in `set_todo'
Completed 200 OK in 26ms (Views: 1.1ms | ActiveRecord: 0.5ms | Allocations: 2310)


Started POST "/todos" for ::1 at 2021-03-30 13:38:14 -0300
Processing by TodosController#create as */*
  Parameters: {"title"=>"Test out create endpoint", "complete"=>true, "todo"=>{"title"=>"Test out create endpoint", "complete"=>true}}
  [1m[36mTRANSACTION (0.1ms)[0m  [1m[36mbegin transaction[0m
  ↳ app/controllers/todos_controller.rb:20:in `create'
  [1m[36mTodo Create (0.8ms)[0m  [1m[32mINSERT INTO "todos" ("title", "complete", "created_at", "updated_at") VALUES (?, ?, ?, ?)[0m  [["title", "Test out create endpoint"], ["complete", 1], ["created_at", "2021-03-30 16:38:14.453139"], ["updated_at", "2021-03-30 16:38:14.453139"]]
  ↳ app/controllers/todos_controller.rb:20:in `create'
  [1m[36mTRANSACTION (1.8ms)[0m  [1m[36mcommit transaction[0m
  ↳ app/controllers/todos_controller.rb:20:in `create'
Completed 201 Created in 13ms (Views: 3.7ms | ActiveRecord: 2.7ms | Allocations: 2451)


Started GET "/todos" for ::1 at 2021-03-30 13:39:33 -0300
Processing by TodosController#index as HTML
  [1m[36mTodo Load (0.4ms)[0m  [1m[34mSELECT "todos".* FROM "todos"[0m
  ↳ app/controllers/todos_controller.rb:8:in `index'
Completed 200 OK in 5ms (Views: 4.6ms | ActiveRecord: 0.4ms | Allocations: 843)


